[03:15:29] [ServerMain/INFO]: [bootstrap] Running Java 21 (OpenJDK 64-Bit Server VM 21.0.7+6-Ubuntu-0ubuntu124.04; Ubuntu null) on Linux 6.8.0-1030-azure (amd64)
[03:15:29] [ServerMain/INFO]: [bootstrap] Loading Paper 1.21.1-57-master@b483da4 (2024-09-01T18:09:05Z) for Minecraft 1.21.1
[03:15:30] [ServerMain/INFO]: [PluginInitializerManager] Initializing plugins...
[03:15:32] [ServerMain/INFO]: [PluginInitializerManager] Initialized 5 plugins
[03:15:32] [ServerMain/INFO]: [PluginInitializerManager] Bukkit plugins (5):
 - AngelChest (13.9.4), Chunky (1.4.40), CrisTreeCapitator (6.4.4), SetHome (6.2.3), SkinsRestorer (15.7.6)
[03:15:39] [ServerMain/INFO]: Environment: Environment[sessionHost=https://sessionserver.mojang.com, servicesHost=https://api.minecraftservices.com, name=PROD]
[03:15:42] [ServerMain/INFO]: Loaded 1290 recipes
[03:15:42] [ServerMain/INFO]: Loaded 1399 advancements
[03:15:43] [Server thread/INFO]: Starting minecraft server version 1.21.1
[03:15:43] [Server thread/INFO]: Loading properties
[03:15:43] [Server thread/INFO]: This server is running Paper version 1.21.1-57-master@b483da4 (2024-09-01T18:09:05Z) (Implementing API version 1.21.1-R0.1-SNAPSHOT)
[03:15:44] [Server thread/INFO]: [spark] This server bundles the spark profiler. For more information please visit https://docs.papermc.io/paper/profiling
[03:15:44] [Server thread/INFO]: Server Ping Player Sample Count: 12
[03:15:44] [Server thread/INFO]: Using 4 threads for Netty based IO
[03:15:45] [Server thread/INFO]: [ChunkTaskScheduler] Chunk system is using 1 I/O threads, 1 worker threads, and population gen parallelism of 1 threads
[03:15:46] [Server thread/INFO]: Default game type: SURVIVAL
[03:15:46] [Server thread/INFO]: Generating keypair
[03:15:46] [Server thread/INFO]: Starting Minecraft server on *:25565
[03:15:46] [Server thread/INFO]: Using epoll channel type
[03:15:46] [Server thread/INFO]: Paper: Using libdeflate (Linux x86_64) compression from Velocity.
[03:15:46] [Server thread/INFO]: Paper: Using OpenSSL 3.0.x (Linux x86_64) cipher from Velocity.
[03:15:47] [Server thread/INFO]: [SetHome] Loading server plugin SetHome v6.2.3
[03:15:47] [Server thread/INFO]: [CrisTreeCapitator] Loading server plugin CrisTreeCapitator v6.4.4
[03:15:47] [Server thread/INFO]: [Chunky] Loading server plugin Chunky v1.4.40
[03:15:47] [Server thread/INFO]: [AngelChest] Loading server plugin AngelChest v13.9.4
[03:15:47] [Server thread/INFO]: [SkinsRestorer] Loading server plugin SkinsRestorer v15.7.6
[03:15:47] [Server thread/INFO]: Server permissions file permissions.yml is empty, ignoring it
[03:15:47] [Server thread/INFO]: [SkinsRestorer] Enabling SkinsRestorer v15.7.6
[03:15:50] [Server thread/INFO]: [SkinsRestorer] Running on Minecraft 1.21.1.
[03:15:52] [Server thread/INFO]: [SkinsRestorer] Using paper join listener!
[03:15:52] [Server thread/WARN]: **** SERVER IS RUNNING IN OFFLINE/INSECURE MODE!
[03:15:52] [Server thread/WARN]: The server will make no attempt to authenticate usernames. Beware.
[03:15:52] [Server thread/WARN]: While this makes the game possible to play without internet access, it also opens up the ability for hackers to connect with any username they choose.
[03:15:52] [Server thread/WARN]: To change this, set "online-mode" to "true" in the server.properties file.
[03:15:52] [Server thread/INFO]: Preparing level "world"
[03:15:52] [Folia Async Scheduler Thread #1/INFO]: [SkinsRestorer] ----------------------------------------------
[03:15:52] [Folia Async Scheduler Thread #1/INFO]: [SkinsRestorer]     +==================+
[03:15:52] [Folia Async Scheduler Thread #1/INFO]: [SkinsRestorer]     |   SkinsRestorer  |
[03:15:52] [Folia Async Scheduler Thread #1/INFO]: [SkinsRestorer]     |------------------|
[03:15:52] [Folia Async Scheduler Thread #1/INFO]: [SkinsRestorer]     |  Standalone Mode |
[03:15:52] [Folia Async Scheduler Thread #1/INFO]: [SkinsRestorer]     +==================+
[03:15:52] [Folia Async Scheduler Thread #1/INFO]: [SkinsRestorer] ----------------------------------------------
[03:15:52] [Folia Async Scheduler Thread #1/INFO]: [SkinsRestorer]     Version: 15.7.6
[03:15:52] [Folia Async Scheduler Thread #1/INFO]: [SkinsRestorer]     Commit: 9abea93
[03:15:52] [Folia Async Scheduler Thread #1/INFO]: [SkinsRestorer]     A new version (15.7.7) is available! Downloading update...
[03:15:52] [Folia Async Scheduler Thread #1/INFO]: [SkinsRestorer] ----------------------------------------------
[03:15:52] [Folia Async Scheduler Thread #1/INFO]: [SkinsRestorer] Do you have issues? Read our troubleshooting guide: https://skinsrestorer.net/docs/troubleshooting
[03:15:52] [Folia Async Scheduler Thread #1/INFO]: [SkinsRestorer] Want to support SkinsRestorer? Consider donating: https://skinsrestorer.net/donate
[03:15:52] [Folia Async Scheduler Thread #1/INFO]: [SkinsRestorer] [GitHubUpdate] Downloading update...
[03:15:53] [Server thread/INFO]: Preparing start region for dimension minecraft:overworld
[03:15:54] [Folia Async Scheduler Thread #1/INFO]: [SkinsRestorer] [GitHubUpdate] Downloaded update in 1497ms
[03:15:54] [Folia Async Scheduler Thread #1/INFO]: [SkinsRestorer] [GitHubUpdate] Update saved as SkinsRestorer.jar
[03:15:54] [Folia Async Scheduler Thread #1/INFO]: [SkinsRestorer] [GitHubUpdate] The update will be loaded on the next server restart
[03:15:55] [Server thread/INFO]: Time elapsed: 2108 ms
[03:15:55] [Server thread/INFO]: Preparing start region for dimension minecraft:the_nether
[03:15:56] [Server thread/INFO]: Time elapsed: 578 ms
[03:15:56] [Server thread/INFO]: Preparing start region for dimension minecraft:the_end
[03:15:56] [Server thread/INFO]: Time elapsed: 193 ms
[03:15:56] [Server thread/INFO]: [SetHome] Enabling SetHome v6.2.3
[03:15:56] [Server thread/INFO]: [CrisTreeCapitator] Enabling CrisTreeCapitator v6.4.4
[03:15:56] [Server thread/INFO]: [CrisTreeCapitator] WorldGuard not found. Maybe WorldGuard or this plugin are not up to date?
[03:15:57] [Server thread/INFO]: [CrisTreeCapitator] Logs from JSON: [OAK_LOG, OAK_LOG, OAK_LOG, OAK_LOG]
[03:15:57] [Server thread/INFO]: [CrisTreeCapitator] Leaves from JSON: [OAK_LEAVES, OAK_LEAVES, OAK_LEAVES, OAK_LEAVES]
[03:15:57] [Server thread/INFO]: [CrisTreeCapitator] Enabled
[03:15:57] [Server thread/INFO]: [Chunky] Enabling Chunky v1.4.40
[03:15:57] [Server thread/INFO]: [AngelChest] Enabling AngelChest v13.9.4
[03:15:58] [Server thread/INFO]: [AngelChest] groups.yml does not exist, skipping custom group settings.
[03:15:58] [Server thread/INFO]: [AngelChest] blacklist.yml does not exist, disabling item blacklist.
[03:15:58] [Server thread/INFO]: [AngelChest] Not using premium version, disabling Graveyards feature
[03:15:58] [Server thread/WARN]: [AngelChest] Could not add usage/description to command acopen
[03:15:59] [Server thread/INFO]: [AngelChest] Vault not installed, disabling economy functions.
[03:15:59] [Server thread/INFO]: [AngelChest] [ACF] Enabled Asynchronous Tab Completion Support!
[03:15:59] [Server thread/INFO]: [AngelChest] Successfully enabled AngelChest v13.9.4 (Premium: false)
[03:15:59] [Server thread/INFO]: [spark] Starting background profiler...
[03:16:01] [Server thread/INFO]: Done preparing level "world" (8.984s)
[03:16:01] [Server thread/INFO]: Running delayed init tasks
[03:16:01] [Server thread/INFO]: Done (35.269s)! For help, type "help"
[03:16:01] [Server thread/INFO]: Timings Reset
[03:16:04] [Server thread/INFO]: [AngelChest] ========================================================
[03:16:04] [Server thread/INFO]: [AngelChest] You are using the free version of AngelChest. There is
[03:16:04] [Server thread/INFO]: [AngelChest] also a premium version available, called AngelChestPlus.
[03:16:04] [Server thread/INFO]: [AngelChest] It includes TONS of new features and exclusive Discord
[03:16:04] [Server thread/INFO]: [AngelChest] support. The free version will still receive bugfixes,
[03:16:04] [Server thread/INFO]: [AngelChest] but there won't be ANY new features!
[03:16:04] [Server thread/INFO]: [AngelChest] If you like AngelChest, you will LOVE AngelChestPlus, so
[03:16:04] [Server thread/INFO]: [AngelChest] please consider upgrading! Thank you for using AngelChest.
[03:16:04] [Server thread/INFO]: [AngelChest] 
[03:16:04] [Server thread/INFO]: [AngelChest] https://www.spigotmc.org/resources/88214
[03:16:04] [Server thread/INFO]: [AngelChest] ========================================================
[03:25:10] [User Authenticator #0/INFO]: UUID of player AgustinEz2 is dd4c0740-061a-3a0b-832c-bdde761d88a2
[03:25:14] [Server thread/INFO]: AgustinEz2 joined the game
[03:25:15] [Server thread/INFO]: AgustinEz2[/127.85.175.63:37661] logged in with entity id 58 at ([world]310.0900000035763, 64.0, -1601.9099999964237)
